<?xml version="1.0" encoding="UTF-8"?>
<!-- Generated by org.testng.reporters.JUnitXMLReporter -->
<testsuite ignored="0" hostname="DESKTOP-Q6F9PJA" failures="1" tests="5" name="Test" time="149.053" errors="0" timestamp="2021-05-28T18:54:03 IST">
  <testcase classname="com.OmistusCrm.Operation.Remo" name="run" time="0.019"/>
  <testcase classname="com.OmistusCrm.Operation.VerifyOperationCreation" name="verifyOperationTest" time="24.423"/>
  <testcase classname="com.OmistusCrm.Operation.Demo" name="run" time="0.001"/>
  <testcase classname="com.OmistusCrm.Counsel.verifyLeadCreation" name="leadCreation" time="16.978"/>
  <testcase classname="com.OmistusCrm.Approach.CreateContact" name="VerifyCreateContact" time="36.88">
    <failure type="org.openqa.selenium.TimeoutException" message="Expected condition failed: waiting for title to contain &amp;quot;Incorrect key&amp;quot;. Current title: &amp;quot;Zoho CRM - Create Contact&amp;quot; (tried for 20 second(s) with 500 milliseconds interval)
Build info: version: &amp;apos;3.141.59&amp;apos;, revision: &amp;apos;e82be7d358&amp;apos;, time: &amp;apos;2018-11-14T08:17:03&amp;apos;
System info: host: &amp;apos;DESKTOP-Q6F9PJA&amp;apos;, ip: &amp;apos;192.168.65.1&amp;apos;, os.name: &amp;apos;Windows 10&amp;apos;, os.arch: &amp;apos;amd64&amp;apos;, os.version: &amp;apos;10.0&amp;apos;, java.version: &amp;apos;12.0.2&amp;apos;
Driver info: org.openqa.selenium.firefox.FirefoxDriver
Capabilities {acceptInsecureCerts: true, browserName: firefox, browserVersion: 88.0.1, javascriptEnabled: true, moz:accessibilityChecks: false, moz:buildID: 20210504152106, moz:geckodriverVersion: 0.29.0, moz:headless: false, moz:processID: 8064, moz:profile: C:\Users\hp\AppData\Local\T..., moz:shutdownTimeout: 60000, moz:useNonSpecCompliantPointerOrigin: false, moz:webdriverClick: true, pageLoadStrategy: normal, platform: WINDOWS, platformName: WINDOWS, platformVersion: 10.0, rotatable: false, setWindowRect: true, strictFileInteractability: false, timeouts: {implicit: 0, pageLoad: 300000, script: 30000}, unhandledPromptBehavior: dismiss and notify}
Session ID: 1849ddf4-fb9e-4239-9744-b0a55e6f2729">
      <![CDATA[org.openqa.selenium.TimeoutException: Expected condition failed: waiting for title to contain "Incorrect key". Current title: "Zoho CRM - Create Contact" (tried for 20 second(s) with 500 milliseconds interval)
Build info: version: '3.141.59', revision: 'e82be7d358', time: '2018-11-14T08:17:03'
System info: host: 'DESKTOP-Q6F9PJA', ip: '192.168.65.1', os.name: 'Windows 10', os.arch: 'amd64', os.version: '10.0', java.version: '12.0.2'
Driver info: org.openqa.selenium.firefox.FirefoxDriver
Capabilities {acceptInsecureCerts: true, browserName: firefox, browserVersion: 88.0.1, javascriptEnabled: true, moz:accessibilityChecks: false, moz:buildID: 20210504152106, moz:geckodriverVersion: 0.29.0, moz:headless: false, moz:processID: 8064, moz:profile: C:\Users\hp\AppData\Local\T..., moz:shutdownTimeout: 60000, moz:useNonSpecCompliantPointerOrigin: false, moz:webdriverClick: true, pageLoadStrategy: normal, platform: WINDOWS, platformName: WINDOWS, platformVersion: 10.0, rotatable: false, setWindowRect: true, strictFileInteractability: false, timeouts: {implicit: 0, pageLoad: 300000, script: 30000}, unhandledPromptBehavior: dismiss and notify}
Session ID: 1849ddf4-fb9e-4239-9744-b0a55e6f2729
at org.openqa.selenium.support.ui.WebDriverWait.timeoutException(WebDriverWait.java:95)
at org.openqa.selenium.support.ui.FluentWait.until(FluentWait.java:272)
at com.OmistusCrm.generic.WebDriverCommonLib.waitForPage(WebDriverCommonLib.java:28)
at com.OmistusCrm.Approach.CreateContact.VerifyCreateContact(CreateContact.java:26)
at java.base/java.util.ArrayList.forEach(ArrayList.java:1540)
... Removed 27 stack frames]]>
    </failure>
  </testcase> <!-- VerifyCreateContact -->
</testsuite> <!-- Test -->
