<?xml version="1.0" encoding="UTF-8"?>
<testng-results ignored="0" total="1" passed="1" failed="0" skipped="0">
  <reporter-output>
    <line>
      <![CDATA[Default testTest Runner Started]]>
    </line>
    <line>
      <![CDATA[LoginPage is Displayed]]>
    </line>
    <line>
      <![CDATA[leadCreation Started]]>
    </line>
    <line>
      <![CDATA[Home page is Displayed]]>
    </line>
    <line>
      <![CDATA[ Create LeadPage is Displayed]]>
    </line>
    <line>
      <![CDATA[leadCreation Passed]]>
    </line>
  </reporter-output>
  <suite started-at="2021-05-31T16:26:56 IST" name="Default suite" finished-at="2021-05-31T16:27:32 IST" duration-ms="35974">
    <groups>
    </groups>
    <test started-at="2021-05-31T16:26:56 IST" name="Default test" finished-at="2021-05-31T16:27:32 IST" duration-ms="35974">
      <class name="com.OmistusCrm.Counsel.verifyLeadCreation">
        <test-method is-config="true" signature="openBrowser()[pri:0, instance:com.OmistusCrm.Counsel.verifyLeadCreation@47987356]" started-at="2021-05-31T16:26:56 IST" name="openBrowser" finished-at="2021-05-31T16:27:17 IST" duration-ms="20898" status="PASS">
          <reporter-output>
            <line>
              <![CDATA[LoginPage is Displayed]]>
            </line>
          </reporter-output>
        </test-method> <!-- openBrowser -->
        <test-method signature="leadCreation()[pri:0, instance:com.OmistusCrm.Counsel.verifyLeadCreation@47987356]" started-at="2021-05-31T16:27:17 IST" name="leadCreation" finished-at="2021-05-31T16:27:32 IST" duration-ms="14952" status="PASS">
          <reporter-output>
            <line>
              <![CDATA[leadCreation Started]]>
            </line>
            <line>
              <![CDATA[Home page is Displayed]]>
            </line>
            <line>
              <![CDATA[ Create LeadPage is Displayed]]>
            </line>
            <line>
              <![CDATA[leadCreation Passed]]>
            </line>
          </reporter-output>
        </test-method> <!-- leadCreation -->
      </class> <!-- com.OmistusCrm.Counsel.verifyLeadCreation -->
    </test> <!-- Default test -->
  </suite> <!-- Default suite -->
</testng-results>
